2020.12.25 21:07:26 INFO  Started: Metals version 0.9.8 in workspace 'E:\ideaworkspace\scalaworkspace' for client vscode.
2020.12.25 21:07:26 INFO  time: initialize in 0.96s
2020.12.25 21:07:29 WARN  Build server is not auto-connectable.
2020.12.25 21:07:29 WARN  no build tool detected in workspace 'E:\ideaworkspace\scalaworkspace'. The most common cause for this problem is that the editor was opened in the wrong working directory, for example if you use sbt then the workspace directory should contain build.sbt. 
2020.12.25 21:07:29 WARN  no build target for: E:\ideaworkspace\scalaworkspace\test.scala
2020.12.25 21:07:36 INFO  no build target: using presentation compiler with only scala-library
2020.12.25 21:08:33 INFO  
2020.12.25 21:08:33 INFO  Template applied in E:\ideaworkspace\scalaworkspace\.\hello-world
2020.12.25 21:08:33 INFO  
2020.12.25 21:08:33 INFO  giter8.Giter8 exit: 0
2020.12.25 21:08:33 INFO  time: ran 'giter8.Giter8' in 47s
2020.12.25 21:08:54 INFO  shutting down Metals
2020.12.27 19:26:55 INFO  Started: Metals version 0.9.8 in workspace 'E:\ideaworkspace\scalaworkspace' for client vscode.
2020.12.27 19:26:56 INFO  time: initialize in 1.04s
2020.12.27 19:26:58 WARN  Build server is not auto-connectable.
2020.12.27 19:26:58 WARN  no build tool detected in workspace 'E:\ideaworkspace\scalaworkspace'. The most common cause for this problem is that the editor was opened in the wrong working directory, for example if you use sbt then the workspace directory should contain build.sbt. 
2020.12.27 19:27:30 WARN  no build target for: E:\ideaworkspace\scalaworkspace\hello-world\src\main\scala\Main.scala
2020.12.27 19:27:38 INFO  no build target: using presentation compiler with only scala-library
十二月 27, 2020 7:27:38 下午 org.eclipse.lsp4j.jsonrpc.RemoteEndpoint handleCancellation
警告: Unmatched cancel notification for request id 6
十二月 27, 2020 7:27:38 下午 org.eclipse.lsp4j.jsonrpc.RemoteEndpoint handleCancellation
警告: Unmatched cancel notification for request id 7
十二月 27, 2020 7:27:38 下午 org.eclipse.lsp4j.jsonrpc.RemoteEndpoint handleCancellation
警告: Unmatched cancel notification for request id 5
十二月 27, 2020 7:27:38 下午 org.eclipse.lsp4j.jsonrpc.RemoteEndpoint handleCancellation
警告: Unmatched cancel notification for request id 13
2020.12.27 19:27:51 WARN  no build target for: E:\ideaworkspace\scalaworkspace\hello-world\src\main\scala\Test.scala
2020.12.27 19:28:25 WARN  no build target for: E:\ideaworkspace\scalaworkspace\hello-world\src\main\scala\Test.scala
2020.12.27 19:28:34 INFO  shutting down Metals
2020.12.27 19:32:59 INFO  Started: Metals version 0.9.8 in workspace 'E:\ideaworkspace\scalaworkspace' for client vscode.
2020.12.27 19:33:01 INFO  time: initialize in 1.28s
2020.12.27 19:33:02 WARN  Build server is not auto-connectable.
2020.12.27 19:33:02 WARN  no build tool detected in workspace 'E:\ideaworkspace\scalaworkspace'. The most common cause for this problem is that the editor was opened in the wrong working directory, for example if you use sbt then the workspace directory should contain build.sbt. 
2020.12.27 19:33:02 WARN  no build target for: E:\ideaworkspace\scalaworkspace\hello-world\src\main\scala\Test.scala
2020.12.27 19:33:07 INFO  no build target: using presentation compiler with only scala-library
2020.12.27 19:33:31 WARN  no build target for: E:\ideaworkspace\scalaworkspace\hello-world\src\main\scala\Main.scala
2020.12.27 19:36:06 WARN  no build target for: E:\ideaworkspace\scalaworkspace\hello-world\src\main\scala\Test.scala
2020.12.27 19:36:36 WARN  no build tool detected in workspace 'E:\ideaworkspace\scalaworkspace'. The most common cause for this problem is that the editor was opened in the wrong working directory, for example if you use sbt then the workspace directory should contain build.sbt. 
2020.12.27 19:36:36 WARN  no build tool detected in workspace 'E:\ideaworkspace\scalaworkspace'. The most common cause for this problem is that the editor was opened in the wrong working directory, for example if you use sbt then the workspace directory should contain build.sbt. 
2020.12.27 19:36:36 WARN  no build tool detected in workspace 'E:\ideaworkspace\scalaworkspace'. The most common cause for this problem is that the editor was opened in the wrong working directory, for example if you use sbt then the workspace directory should contain build.sbt. 
2020.12.27 19:36:36 WARN  no build tool detected in workspace 'E:\ideaworkspace\scalaworkspace'. The most common cause for this problem is that the editor was opened in the wrong working directory, for example if you use sbt then the workspace directory should contain build.sbt. 
2020.12.27 19:36:42 WARN  no build target for: E:\ideaworkspace\scalaworkspace\hello-world\src\main\scala\Test.scala
2020.12.27 19:36:42 WARN  no build target for: E:\ideaworkspace\scalaworkspace\hello-world\src\main\scala\Test.scala
2020.12.27 19:36:42 WARN  no build tool detected in workspace 'E:\ideaworkspace\scalaworkspace'. The most common cause for this problem is that the editor was opened in the wrong working directory, for example if you use sbt then the workspace directory should contain build.sbt. 
2020.12.27 19:36:42 WARN  no build tool detected in workspace 'E:\ideaworkspace\scalaworkspace'. The most common cause for this problem is that the editor was opened in the wrong working directory, for example if you use sbt then the workspace directory should contain build.sbt. 
something's wrong: no file:///E:/ideaworkspace/scalaworkspace/hello-world/src/main/scala/Test.scala in Array[String]RangePosition(file:///E:/ideaworkspace/scalaworkspace/hello-world/src/main/scala/Test.scala, 35, 35, 48)
2020.12.27 19:36:44 WARN  no build tool detected in workspace 'E:\ideaworkspace\scalaworkspace'. The most common cause for this problem is that the editor was opened in the wrong working directory, for example if you use sbt then the workspace directory should contain build.sbt. 
2020.12.27 19:36:44 WARN  no build tool detected in workspace 'E:\ideaworkspace\scalaworkspace'. The most common cause for this problem is that the editor was opened in the wrong working directory, for example if you use sbt then the workspace directory should contain build.sbt. 
2020.12.27 19:36:44 WARN  no build target for: E:\ideaworkspace\scalaworkspace\hello-world\src\main\scala\Test.scala
2020.12.27 19:36:44 WARN  no build target for: E:\ideaworkspace\scalaworkspace\hello-world\src\main\scala\Test.scala
2020.12.27 19:36:45 WARN  no build target for: E:\ideaworkspace\scalaworkspace\hello-world\src\main\scala\Test.scala
2020.12.27 19:37:14 INFO  shutting down Metals
2021.01.16 18:07:20 INFO  Started: Metals version 0.9.8 in workspace 'E:\ideaworkspace\scalaworkspace' for client vscode.
2021.01.16 18:07:20 INFO  time: initialize in 0.9s
2021.01.16 18:07:22 WARN  Build server is not auto-connectable.
2021.01.16 18:07:22 WARN  no build tool detected in workspace 'E:\ideaworkspace\scalaworkspace'. The most common cause for this problem is that the editor was opened in the wrong working directory, for example if you use sbt then the workspace directory should contain build.sbt. 
2021.01.16 18:08:21 INFO  
2021.01.16 18:08:21 INFO  Template applied in E:\ideaworkspace\scalaworkspace\.\hello-world
2021.01.16 18:08:21 INFO  
2021.01.16 18:08:21 INFO  giter8.Giter8 exit: 0
2021.01.16 18:08:21 INFO  time: ran 'giter8.Giter8' in 31s
2021.01.16 18:08:47 WARN  no build target for: E:\ideaworkspace\scalaworkspace\hello-world\src\main\scala\Main.scala
2021.01.16 18:08:52 INFO  no build target: using presentation compiler with only scala-library
一月 16, 2021 6:08:52 下午 org.eclipse.lsp4j.jsonrpc.RemoteEndpoint handleCancellation
警告: Unmatched cancel notification for request id 6
一月 16, 2021 6:08:52 下午 org.eclipse.lsp4j.jsonrpc.RemoteEndpoint handleCancellation
警告: Unmatched cancel notification for request id 10
一月 16, 2021 6:08:52 下午 org.eclipse.lsp4j.jsonrpc.RemoteEndpoint handleCancellation
警告: Unmatched cancel notification for request id 13
一月 16, 2021 6:08:52 下午 org.eclipse.lsp4j.jsonrpc.RemoteEndpoint handleCancellation
警告: Unmatched cancel notification for request id 14
2021.01.16 18:10:27 WARN  no build target for: E:\ideaworkspace\scalaworkspace\hello-world\src\main\scala\Main.scala
2021.01.16 18:11:53 WARN  no build target for: E:\ideaworkspace\scalaworkspace\hello-world\build.sbt
2021.01.16 18:12:05 WARN  no build tool detected in workspace 'E:\ideaworkspace\scalaworkspace'. The most common cause for this problem is that the editor was opened in the wrong working directory, for example if you use sbt then the workspace directory should contain build.sbt. 
2021.01.16 18:16:05 INFO  shutting down Metals
2021.01.16 18:38:21 INFO  Started: Metals version 0.9.8 in workspace 'E:\ideaworkspace\scalaworkspace' for client vscode.
2021.01.16 18:38:22 INFO  time: initialize in 1.77s
2021.01.16 18:38:24 WARN  Build server is not auto-connectable.
2021.01.16 18:38:24 WARN  no build tool detected in workspace 'E:\ideaworkspace\scalaworkspace'. The most common cause for this problem is that the editor was opened in the wrong working directory, for example if you use sbt then the workspace directory should contain build.sbt. 
2021.01.16 18:38:24 WARN  no build target for: E:\ideaworkspace\scalaworkspace\hello-world\src\main\scala\Main.scala
2021.01.16 18:38:32 INFO  no build target: using presentation compiler with only scala-library
一月 16, 2021 6:39:43 下午 org.eclipse.lsp4j.jsonrpc.RemoteEndpoint fallbackResponseError
严重: Internal error: java.lang.InterruptedException
java.util.concurrent.CompletionException: java.lang.InterruptedException
	at java.util.concurrent.CompletableFuture.encodeThrowable(CompletableFuture.java:273)
	at java.util.concurrent.CompletableFuture.completeThrowable(CompletableFuture.java:280)
	at java.util.concurrent.CompletableFuture.uniAccept(CompletableFuture.java:659)
	at java.util.concurrent.CompletableFuture$UniAccept.tryFire(CompletableFuture.java:632)
	at java.util.concurrent.CompletableFuture.postComplete(CompletableFuture.java:474)
	at java.util.concurrent.CompletableFuture.complete(CompletableFuture.java:1962)
	at scala.meta.internal.metals.CancelTokens$.$anonfun$future$1(CancelTokens.scala:42)
	at scala.meta.internal.metals.CancelTokens$.$anonfun$future$1$adapted(CancelTokens.scala:38)
	at scala.concurrent.impl.CallbackRunnable.run(Promise.scala:64)
	at java.util.concurrent.ThreadPoolExecutor.runWorker(ThreadPoolExecutor.java:1142)
	at java.util.concurrent.ThreadPoolExecutor$Worker.run(ThreadPoolExecutor.java:617)
	at java.lang.Thread.run(Thread.java:748)
Caused by: java.lang.InterruptedException
	at scala.meta.internal.metals.FutureCancelToken.checkCanceled(FutureCancelToken.scala:29)
	at scala.meta.pc.VirtualFileParams.checkCanceled(VirtualFileParams.java:25)
	at scala.meta.internal.pc.CompletionProvider.$anonfun$completions$1(CompletionProvider.scala:76)
	at scala.collection.Iterator$$anon$10.next(Iterator.scala:461)
	at scala.collection.Iterator.toStream(Iterator.scala:1417)
	at scala.collection.Iterator.toStream$(Iterator.scala:1416)
	at scala.collection.AbstractIterator.toStream(Iterator.scala:1431)
	at scala.collection.Iterator.$anonfun$toStream$1(Iterator.scala:1417)
	at scala.collection.immutable.Stream$Cons.tail(Stream.scala:1173)
	at scala.collection.immutable.Stream$Cons.tail(Stream.scala:1163)
	at scala.collection.immutable.StreamIterator.$anonfun$next$1(Stream.scala:1061)
	at scala.collection.immutable.StreamIterator$LazyCell.v$lzycompute(Stream.scala:1050)
	at scala.collection.immutable.StreamIterator$LazyCell.v(Stream.scala:1050)
	at scala.collection.immutable.StreamIterator.hasNext(Stream.scala:1055)
	at scala.collection.convert.Wrappers$IteratorWrapper.hasNext(Wrappers.scala:31)
	at org.eclipse.lsp4j.jsonrpc.json.adapters.CollectionTypeAdapter.write(CollectionTypeAdapter.java:134)
	at org.eclipse.lsp4j.jsonrpc.json.adapters.CollectionTypeAdapter.write(CollectionTypeAdapter.java:40)
	at com.google.gson.internal.bind.TypeAdapterRuntimeTypeWrapper.write(TypeAdapterRuntimeTypeWrapper.java:69)
	at com.google.gson.internal.bind.ReflectiveTypeAdapterFactory$1.write(ReflectiveTypeAdapterFactory.java:125)
	at com.google.gson.internal.bind.ReflectiveTypeAdapterFactory$Adapter.write(ReflectiveTypeAdapterFactory.java:243)
	at com.google.gson.Gson.toJson(Gson.java:669)
	at org.eclipse.lsp4j.jsonrpc.json.adapters.MessageTypeAdapter.write(MessageTypeAdapter.java:423)
	at org.eclipse.lsp4j.jsonrpc.json.adapters.MessageTypeAdapter.write(MessageTypeAdapter.java:55)
	at com.google.gson.Gson.toJson(Gson.java:669)
	at com.google.gson.Gson.toJson(Gson.java:648)
	at org.eclipse.lsp4j.jsonrpc.json.MessageJsonHandler.serialize(MessageJsonHandler.java:145)
	at org.eclipse.lsp4j.jsonrpc.json.MessageJsonHandler.serialize(MessageJsonHandler.java:140)
	at org.eclipse.lsp4j.jsonrpc.json.StreamMessageConsumer.consume(StreamMessageConsumer.java:59)
	at org.eclipse.lsp4j.jsonrpc.RemoteEndpoint.lambda$handleRequest$1(RemoteEndpoint.java:281)
	at java.util.concurrent.CompletableFuture.uniAccept(CompletableFuture.java:656)
	... 9 more

2021.01.16 18:40:27 INFO  shutting down Metals
2021.01.16 18:42:27 INFO  Started: Metals version 0.9.8 in workspace 'E:\ideaworkspace\scalaworkspace' for client vscode.
2021.01.16 18:42:28 INFO  time: initialize in 0.97s
2021.01.16 18:42:30 WARN  Build server is not auto-connectable.
2021.01.16 18:42:30 WARN  no build tool detected in workspace 'E:\ideaworkspace\scalaworkspace'. The most common cause for this problem is that the editor was opened in the wrong working directory, for example if you use sbt then the workspace directory should contain build.sbt. 
2021.01.16 18:42:30 WARN  no build target for: E:\ideaworkspace\scalaworkspace\hello-world\src\main\scala\Main.scala
2021.01.16 18:42:30 WARN  no build target for: E:\ideaworkspace\scalaworkspace\hello-world\build.sbt
2021.01.16 18:42:36 INFO  no build target: using presentation compiler with only scala-library
2021.01.16 18:44:22 WARN  no build target for: E:\ideaworkspace\scalaworkspace\hello-world\build.sbt
2021.01.16 18:51:37 ERROR java.net.ConnectException: Connection timed out: connect
2021.01.16 18:51:37 ERROR 	at java.net.DualStackPlainSocketImpl.connect0(Native Method)
2021.01.16 18:51:37 ERROR 	at java.net.DualStackPlainSocketImpl.socketConnect(DualStackPlainSocketImpl.java:79)
2021.01.16 18:51:37 ERROR 	at java.net.AbstractPlainSocketImpl.doConnect(AbstractPlainSocketImpl.java:350)
2021.01.16 18:51:37 ERROR 	at java.net.AbstractPlainSocketImpl.connectToAddress(AbstractPlainSocketImpl.java:206)
2021.01.16 18:51:37 ERROR 	at java.net.AbstractPlainSocketImpl.connect(AbstractPlainSocketImpl.java:188)
2021.01.16 18:51:37 ERROR 	at java.net.PlainSocketImpl.connect(PlainSocketImpl.java:172)
2021.01.16 18:51:37 ERROR 	at java.net.SocksSocketImpl.connect(SocksSocketImpl.java:392)
2021.01.16 18:51:37 ERROR 	at java.net.Socket.connect(Socket.java:589)
2021.01.16 18:51:37 ERROR 	at sun.security.ssl.SSLSocketImpl.connect(SSLSocketImpl.java:668)
2021.01.16 18:51:37 ERROR 	at sun.security.ssl.BaseSSLSocketImpl.connect(BaseSSLSocketImpl.java:173)
2021.01.16 18:51:37 ERROR 	at sun.net.NetworkClient.doConnect(NetworkClient.java:180)
2021.01.16 18:51:37 ERROR 	at sun.net.www.http.HttpClient.openServer(HttpClient.java:463)
2021.01.16 18:51:37 ERROR 	at sun.net.www.http.HttpClient.openServer(HttpClient.java:558)
2021.01.16 18:51:37 ERROR 	at sun.net.www.protocol.https.HttpsClient.<init>(HttpsClient.java:264)
2021.01.16 18:51:37 ERROR 	at sun.net.www.protocol.https.HttpsClient.New(HttpsClient.java:367)
2021.01.16 18:51:37 ERROR 	at sun.net.www.protocol.https.AbstractDelegateHttpsURLConnection.getNewHttpClient(AbstractDelegateHttpsURLConnection.java:191)
2021.01.16 18:51:37 ERROR 	at sun.net.www.protocol.http.HttpURLConnection.plainConnect0(HttpURLConnection.java:1138)
2021.01.16 18:51:37 ERROR 	at sun.net.www.protocol.http.HttpURLConnection.plainConnect(HttpURLConnection.java:1032)
2021.01.16 18:51:37 ERROR 	at sun.net.www.protocol.https.AbstractDelegateHttpsURLConnection.connect(AbstractDelegateHttpsURLConnection.java:177)
2021.01.16 18:51:37 ERROR 	at sun.net.www.protocol.http.HttpURLConnection.getInputStream0(HttpURLConnection.java:1546)
2021.01.16 18:51:37 ERROR 	at sun.net.www.protocol.http.HttpURLConnection.getInputStream(HttpURLConnection.java:1474)
2021.01.16 18:51:37 ERROR 	at java.net.HttpURLConnection.getResponseCode(HttpURLConnection.java:480)
2021.01.16 18:51:37 ERROR 	at sun.net.www.protocol.https.HttpsURLConnectionImpl.getResponseCode(HttpsURLConnectionImpl.java:338)
2021.01.16 18:51:37 ERROR 	at giter8.MavenHelper.$anonfun$fromMaven$1(MavenHelper.scala:31)
2021.01.16 18:51:37 ERROR 	at giter8.MavenHelper.withHttp(MavenHelper.scala:47)
2021.01.16 18:51:37 ERROR 	at giter8.MavenHelper.withHttp$(MavenHelper.scala:43)
2021.01.16 18:51:37 ERROR 	at giter8.Maven$.withHttp(maven.scala:26)
2021.01.16 18:51:37 ERROR 	at giter8.MavenHelper.fromMaven(MavenHelper.scala:30)
2021.01.16 18:51:37 ERROR 	at giter8.MavenHelper.fromMaven$(MavenHelper.scala:26)
2021.01.16 18:51:37 ERROR 	at giter8.Maven$.fromMaven(maven.scala:26)
2021.01.16 18:51:37 ERROR 	at giter8.Maven$.latestStableVersion(maven.scala:45)
2021.01.16 18:51:37 ERROR 	at giter8.Maven$.$anonfun$lookup$1(maven.scala:74)
2021.01.16 18:51:37 ERROR 	at scala.collection.immutable.List.map(List.scala:290)
2021.01.16 18:51:37 ERROR 	at giter8.Maven$.lookup(maven.scala:72)
2021.01.16 18:51:37 ERROR 	at giter8.G8$.transformProps(g8.scala:376)
2021.01.16 18:51:37 ERROR 	at giter8.G8$.$anonfun$fetchInfo$4(g8.scala:405)
2021.01.16 18:51:37 ERROR 	at scala.Option.map(Option.scala:230)
2021.01.16 18:51:37 ERROR 	at giter8.G8$.fetchInfo(g8.scala:403)
2021.01.16 18:51:37 ERROR 	at giter8.G8$.$anonfun$fromDirectory$1(g8.scala:75)
2021.01.16 18:51:37 ERROR 	at giter8.G8$.applyT(g8.scala:338)
2021.01.16 18:51:37 ERROR 	at giter8.G8$.fromDirectory(g8.scala:77)
2021.01.16 18:51:37 ERROR 	at giter8.G8TemplateRenderer$.render(TemplateRenderer.scala:40)
2021.01.16 18:51:37 ERROR 	at giter8.AppProcessor.process(giter8.scala:58)
2021.01.16 18:51:37 ERROR 	at giter8.Runner.$anonfun$run$9(Runner.scala:51)
2021.01.16 18:51:37 ERROR 	at scala.util.Either.flatMap(Either.scala:341)
2021.01.16 18:51:37 ERROR 	at giter8.Runner.$anonfun$run$5(Runner.scala:48)
2021.01.16 18:51:37 ERROR 	at scala.util.Either.flatMap(Either.scala:341)
2021.01.16 18:51:37 ERROR 	at giter8.Runner.$anonfun$run$4(Runner.scala:47)
2021.01.16 18:51:37 ERROR 	at scala.util.Either.flatMap(Either.scala:341)
2021.01.16 18:51:37 ERROR 	at giter8.Runner.run(Runner.scala:46)
2021.01.16 18:51:37 ERROR 	at giter8.Giter8.run(giter8.scala:33)
2021.01.16 18:51:37 ERROR 	at giter8.Giter8.run(giter8.scala:30)
2021.01.16 18:51:37 ERROR 	at giter8.Giter8$.main(giter8.scala:40)
2021.01.16 18:51:37 ERROR 	at giter8.Giter8.main(giter8.scala)
2021.01.16 18:51:37 ERROR 
2021.01.16 18:51:37 ERROR Unknown exception: Connection timed out: connect
2021.01.16 18:51:37 ERROR 
2021.01.16 18:51:37 INFO  giter8.Giter8 exit: 1
2021.01.16 18:51:37 INFO  time: ran 'giter8.Giter8' in 1m3s
2021.01.16 18:54:36 ERROR java.net.ConnectException: Connection timed out: connect
2021.01.16 18:54:36 ERROR 	at java.net.DualStackPlainSocketImpl.connect0(Native Method)
2021.01.16 18:54:36 ERROR 	at java.net.DualStackPlainSocketImpl.socketConnect(DualStackPlainSocketImpl.java:79)
2021.01.16 18:54:36 ERROR 	at java.net.AbstractPlainSocketImpl.doConnect(AbstractPlainSocketImpl.java:350)
2021.01.16 18:54:36 ERROR 	at java.net.AbstractPlainSocketImpl.connectToAddress(AbstractPlainSocketImpl.java:206)
2021.01.16 18:54:36 ERROR 	at java.net.AbstractPlainSocketImpl.connect(AbstractPlainSocketImpl.java:188)
2021.01.16 18:54:36 ERROR 	at java.net.PlainSocketImpl.connect(PlainSocketImpl.java:172)
2021.01.16 18:54:36 ERROR 	at java.net.SocksSocketImpl.connect(SocksSocketImpl.java:392)
2021.01.16 18:54:36 ERROR 	at java.net.Socket.connect(Socket.java:589)
2021.01.16 18:54:36 ERROR 	at sun.security.ssl.SSLSocketImpl.connect(SSLSocketImpl.java:668)
2021.01.16 18:54:36 ERROR 	at sun.security.ssl.BaseSSLSocketImpl.connect(BaseSSLSocketImpl.java:173)
2021.01.16 18:54:36 ERROR 	at sun.net.NetworkClient.doConnect(NetworkClient.java:180)
2021.01.16 18:54:36 ERROR 	at sun.net.www.http.HttpClient.openServer(HttpClient.java:463)
2021.01.16 18:54:36 ERROR 	at sun.net.www.http.HttpClient.openServer(HttpClient.java:558)
2021.01.16 18:54:36 ERROR 	at sun.net.www.protocol.https.HttpsClient.<init>(HttpsClient.java:264)
2021.01.16 18:54:36 ERROR 	at sun.net.www.protocol.https.HttpsClient.New(HttpsClient.java:367)
2021.01.16 18:54:36 ERROR 	at sun.net.www.protocol.https.AbstractDelegateHttpsURLConnection.getNewHttpClient(AbstractDelegateHttpsURLConnection.java:191)
2021.01.16 18:54:36 ERROR 	at sun.net.www.protocol.http.HttpURLConnection.plainConnect0(HttpURLConnection.java:1138)
2021.01.16 18:54:36 ERROR 	at sun.net.www.protocol.http.HttpURLConnection.plainConnect(HttpURLConnection.java:1032)
2021.01.16 18:54:36 ERROR 	at sun.net.www.protocol.https.AbstractDelegateHttpsURLConnection.connect(AbstractDelegateHttpsURLConnection.java:177)
2021.01.16 18:54:36 ERROR 	at sun.net.www.protocol.http.HttpURLConnection.getInputStream0(HttpURLConnection.java:1546)
2021.01.16 18:54:36 ERROR 	at sun.net.www.protocol.http.HttpURLConnection.getInputStream(HttpURLConnection.java:1474)
2021.01.16 18:54:36 ERROR 	at java.net.HttpURLConnection.getResponseCode(HttpURLConnection.java:480)
2021.01.16 18:54:36 ERROR 	at sun.net.www.protocol.https.HttpsURLConnectionImpl.getResponseCode(HttpsURLConnectionImpl.java:338)
2021.01.16 18:54:36 ERROR 	at giter8.MavenHelper.$anonfun$fromMaven$1(MavenHelper.scala:31)
2021.01.16 18:54:36 ERROR 	at giter8.MavenHelper.withHttp(MavenHelper.scala:47)
2021.01.16 18:54:36 ERROR 	at giter8.MavenHelper.withHttp$(MavenHelper.scala:43)
2021.01.16 18:54:36 ERROR 	at giter8.Maven$.withHttp(maven.scala:26)
2021.01.16 18:54:36 ERROR 	at giter8.MavenHelper.fromMaven(MavenHelper.scala:30)
2021.01.16 18:54:36 ERROR 	at giter8.MavenHelper.fromMaven$(MavenHelper.scala:26)
2021.01.16 18:54:36 ERROR 	at giter8.Maven$.fromMaven(maven.scala:26)
2021.01.16 18:54:36 ERROR 	at giter8.Maven$.latestStableVersion(maven.scala:45)
2021.01.16 18:54:36 ERROR 	at giter8.Maven$.$anonfun$lookup$1(maven.scala:74)
2021.01.16 18:54:36 ERROR 	at scala.collection.immutable.List.map(List.scala:290)
2021.01.16 18:54:36 ERROR 	at giter8.Maven$.lookup(maven.scala:72)
2021.01.16 18:54:36 ERROR 	at giter8.G8$.transformProps(g8.scala:376)
2021.01.16 18:54:36 ERROR 	at giter8.G8$.$anonfun$fetchInfo$4(g8.scala:405)
2021.01.16 18:54:36 ERROR 	at scala.Option.map(Option.scala:230)
2021.01.16 18:54:36 ERROR 	at giter8.G8$.fetchInfo(g8.scala:403)
2021.01.16 18:54:36 ERROR 	at giter8.G8$.$anonfun$fromDirectory$1(g8.scala:75)
2021.01.16 18:54:36 ERROR 	at giter8.G8$.applyT(g8.scala:338)
2021.01.16 18:54:36 ERROR 	at giter8.G8$.fromDirectory(g8.scala:77)
2021.01.16 18:54:36 ERROR 	at giter8.G8TemplateRenderer$.render(TemplateRenderer.scala:40)
2021.01.16 18:54:36 ERROR 	at giter8.AppProcessor.process(giter8.scala:58)
2021.01.16 18:54:36 ERROR 	at giter8.Runner.$anonfun$run$9(Runner.scala:51)
2021.01.16 18:54:36 ERROR 	at scala.util.Either.flatMap(Either.scala:341)
2021.01.16 18:54:36 ERROR 	at giter8.Runner.$anonfun$run$5(Runner.scala:48)
2021.01.16 18:54:36 ERROR 	at scala.util.Either.flatMap(Either.scala:341)
2021.01.16 18:54:36 ERROR 	at giter8.Runner.$anonfun$run$4(Runner.scala:47)
2021.01.16 18:54:36 ERROR 	at scala.util.Either.flatMap(Either.scala:341)
2021.01.16 18:54:36 ERROR 	at giter8.Runner.run(Runner.scala:46)
2021.01.16 18:54:36 ERROR 	at giter8.Giter8.run(giter8.scala:33)
2021.01.16 18:54:36 ERROR 	at giter8.Giter8.run(giter8.scala:30)
2021.01.16 18:54:36 ERROR 	at giter8.Giter8$.main(giter8.scala:40)
2021.01.16 18:54:36 ERROR 	at giter8.Giter8.main(giter8.scala)
2021.01.16 18:54:36 ERROR 
2021.01.16 18:54:36 ERROR Unknown exception: Connection timed out: connect
2021.01.16 18:54:36 ERROR 
2021.01.16 18:54:36 INFO  giter8.Giter8 exit: 1
2021.01.16 18:54:36 INFO  time: ran 'giter8.Giter8' in 1m3s
2021.01.16 18:56:49 WARN  no build tool detected in workspace 'E:\ideaworkspace\scalaworkspace'. The most common cause for this problem is that the editor was opened in the wrong working directory, for example if you use sbt then the workspace directory should contain build.sbt. 
2021.01.16 18:56:51 WARN  no build tool detected in workspace 'E:\ideaworkspace\scalaworkspace'. The most common cause for this problem is that the editor was opened in the wrong working directory, for example if you use sbt then the workspace directory should contain build.sbt. 
2021.01.16 18:56:51 WARN  no build tool detected in workspace 'E:\ideaworkspace\scalaworkspace'. The most common cause for this problem is that the editor was opened in the wrong working directory, for example if you use sbt then the workspace directory should contain build.sbt. 
2021.01.16 18:57:01 WARN  no build tool detected in workspace 'E:\ideaworkspace\scalaworkspace'. The most common cause for this problem is that the editor was opened in the wrong working directory, for example if you use sbt then the workspace directory should contain build.sbt. 
2021.01.16 18:57:01 WARN  no build tool detected in workspace 'E:\ideaworkspace\scalaworkspace'. The most common cause for this problem is that the editor was opened in the wrong working directory, for example if you use sbt then the workspace directory should contain build.sbt. 
2021.01.16 18:57:07 WARN  no build tool detected in workspace 'E:\ideaworkspace\scalaworkspace'. The most common cause for this problem is that the editor was opened in the wrong working directory, for example if you use sbt then the workspace directory should contain build.sbt. 
2021.01.16 18:57:07 WARN  no build tool detected in workspace 'E:\ideaworkspace\scalaworkspace'. The most common cause for this problem is that the editor was opened in the wrong working directory, for example if you use sbt then the workspace directory should contain build.sbt. 
2021.01.16 18:57:07 WARN  no build tool detected in workspace 'E:\ideaworkspace\scalaworkspace'. The most common cause for this problem is that the editor was opened in the wrong working directory, for example if you use sbt then the workspace directory should contain build.sbt. 
2021.01.16 18:57:09 WARN  no build tool detected in workspace 'E:\ideaworkspace\scalaworkspace'. The most common cause for this problem is that the editor was opened in the wrong working directory, for example if you use sbt then the workspace directory should contain build.sbt. 
2021.01.16 18:57:09 WARN  no build tool detected in workspace 'E:\ideaworkspace\scalaworkspace'. The most common cause for this problem is that the editor was opened in the wrong working directory, for example if you use sbt then the workspace directory should contain build.sbt. 
2021.01.16 19:08:50 INFO  shutting down Metals
2021.01.18 11:32:53 INFO  Started: Metals version 0.9.8 in workspace 'E:\ideaworkspace\scalaworkspace' for client vscode.
2021.01.18 11:32:54 INFO  time: initialize in 1.51s
2021.01.18 11:32:57 WARN  Build server is not auto-connectable.
2021.01.18 11:32:57 WARN  no build tool detected in workspace 'E:\ideaworkspace\scalaworkspace'. The most common cause for this problem is that the editor was opened in the wrong working directory, for example if you use sbt then the workspace directory should contain build.sbt. 
2021.01.18 11:34:01 INFO  
2021.01.18 11:34:01 INFO  Template applied in E:\ideaworkspace\scalaworkspace\.\maven-scala-seed
2021.01.18 11:34:01 INFO  
2021.01.18 11:34:01 INFO  giter8.Giter8 exit: 0
2021.01.18 11:34:01 INFO  time: ran 'giter8.Giter8' in 22s
2021.01.18 11:34:08 INFO  shutting down Metals
